<?xml version="1.0" encoding="UTF-8"?>
<!-- Generated by org.testng.reporters.JUnitReportReporter -->
<testsuite hostname="HARI-PC" name="com.datadriven.WordPress" tests="3" failures="0" timestamp="5 Oct 2016 09:53:42 GMT" time="214.987" errors="0">
  <testcase name="LoginWordPass" time="19.475" classname="com.datadriven.WordPress"/>
  <testcase name="LoginWordPass" time="152.983" classname="com.datadriven.WordPress"/>
  <testcase name="LoginWordPass" time="42.529" classname="com.datadriven.WordPress"/>
</testsuite> <!-- com.datadriven.WordPress -->
